<?xml version="1.0" encoding="UTF-8"?>
<!-- Generated by org.testng.reporters.JUnitXMLReporter -->
<testsuite hostname="Subhankar-PC" ignored="0" name="Default test" tests="7" failures="0" timestamp="31 Aug 2022 16:39:44 GMT" time="47.395" errors="0">
  <testcase name="testCase1" time="1.598" classname="TestNGTest.TestNGExtentREport"/>
  <testcase name="testCase1" time="2.117" classname="TestNGTest.TestNGExtentREport"/>
  <testcase name="testCase1" time="1.706" classname="TestNGTest.TestNGExtentREport"/>
  <testcase name="testCase1" time="2.194" classname="TestNGTest.TestNGExtentREport"/>
  <testcase name="testCase1" time="3.415" classname="TestNGTest.TestNGExtentREport"/>
  <testcase name="testCase3" time="0.001" classname="TestNGTest.TestNGExtentREport"/>
  <testcase name="testCase2" time="3.113" classname="TestNGTest.TestNGExtentREport"/>
</testsuite> <!-- Default test -->
