<?xml version="1.0" encoding="UTF-8"?>
<!-- Generated by org.testng.reporters.JUnitXMLReporter -->
<testsuite hostname="Subhankar-PC" ignored="0" name="Command line test" tests="7" failures="0" timestamp="31 Aug 2022 16:51:54 GMT" time="43.173" errors="0">
  <testcase name="testCase1" time="0.961" classname="TestNGTest.TestNGExtentREport"/>
  <testcase name="testCase1" time="1.052" classname="TestNGTest.TestNGExtentREport"/>
  <testcase name="testCase1" time="1.935" classname="TestNGTest.TestNGExtentREport"/>
  <testcase name="testCase1" time="2.018" classname="TestNGTest.TestNGExtentREport"/>
  <testcase name="testCase1" time="1.936" classname="TestNGTest.TestNGExtentREport"/>
  <testcase name="testCase3" time="0.0" classname="TestNGTest.TestNGExtentREport"/>
  <testcase name="testCase2" time="1.312" classname="TestNGTest.TestNGExtentREport"/>
</testsuite> <!-- Command line test -->
