<?xml version="1.0" encoding="UTF-8"?>
<testng-results skipped="0" failed="1" ignored="0" total="7" passed="6">
  <reporter-output>
  </reporter-output>
  <suite name="Default suite" duration-ms="45280" started-at="2022-09-06T14:18:42Z" finished-at="2022-09-06T14:19:27Z">
    <groups>
    </groups>
    <test name="Default test" duration-ms="45280" started-at="2022-09-06T14:18:42Z" finished-at="2022-09-06T14:19:27Z">
      <class name="TestNGTest.TestNGExtentREport">
        <test-method status="PASS" signature="testNGsetup()[pri:0, instance:TestNGTest.TestNGExtentREport@51399530]" name="testNGsetup" is-config="true" duration-ms="87" started-at="2022-09-06T14:18:42Z" finished-at="2022-09-06T14:18:42Z">
          <reporter-output>
          </reporter-output>
        </test-method> <!-- testNGsetup -->
        <test-method status="PASS" signature="testSetup()[pri:0, instance:TestNGTest.TestNGExtentREport@51399530]" name="testSetup" is-config="true" duration-ms="3926" started-at="2022-09-06T14:18:42Z" finished-at="2022-09-06T14:18:46Z">
          <reporter-output>
          </reporter-output>
        </test-method> <!-- testSetup -->
        <test-method status="PASS" signature="testCase1(java.lang.String, java.lang.String)[pri:0, instance:TestNGTest.TestNGExtentREport@51399530]" name="testCase1" duration-ms="1833" started-at="2022-09-06T14:18:46Z" data-provider="test1data" finished-at="2022-09-06T14:18:48Z">
          <params>
            <param index="0">
              <value>
                <![CDATA[https://google.com]]>
              </value>
            </param>
            <param index="1">
              <value>
                <![CDATA[Subhankar Panigrahi]]>
              </value>
            </param>
          </params>
          <reporter-output>
          </reporter-output>
        </test-method> <!-- testCase1 -->
        <test-method status="PASS" signature="teaDown()[pri:0, instance:TestNGTest.TestNGExtentREport@51399530]" name="teaDown" is-config="true" duration-ms="2450" started-at="2022-09-06T14:18:48Z" finished-at="2022-09-06T14:18:50Z">
          <reporter-output>
          </reporter-output>
        </test-method> <!-- teaDown -->
        <test-method status="PASS" signature="testSetup()[pri:0, instance:TestNGTest.TestNGExtentREport@51399530]" name="testSetup" is-config="true" duration-ms="2132" started-at="2022-09-06T14:18:50Z" finished-at="2022-09-06T14:18:52Z">
          <reporter-output>
          </reporter-output>
        </test-method> <!-- testSetup -->
        <test-method status="PASS" signature="testCase1(java.lang.String, java.lang.String)[pri:0, instance:TestNGTest.TestNGExtentREport@51399530]" name="testCase1" duration-ms="1575" started-at="2022-09-06T14:18:52Z" data-provider="test1data" finished-at="2022-09-06T14:18:54Z">
          <params>
            <param index="0">
              <value>
                <![CDATA[https://google.com]]>
              </value>
            </param>
            <param index="1">
              <value>
                <![CDATA[Text1]]>
              </value>
            </param>
          </params>
          <reporter-output>
          </reporter-output>
        </test-method> <!-- testCase1 -->
        <test-method status="PASS" signature="teaDown()[pri:0, instance:TestNGTest.TestNGExtentREport@51399530]" name="teaDown" is-config="true" duration-ms="2445" started-at="2022-09-06T14:18:54Z" finished-at="2022-09-06T14:18:56Z">
          <reporter-output>
          </reporter-output>
        </test-method> <!-- teaDown -->
        <test-method status="PASS" signature="testSetup()[pri:0, instance:TestNGTest.TestNGExtentREport@51399530]" name="testSetup" is-config="true" duration-ms="2247" started-at="2022-09-06T14:18:56Z" finished-at="2022-09-06T14:18:59Z">
          <reporter-output>
          </reporter-output>
        </test-method> <!-- testSetup -->
        <test-method status="PASS" signature="testCase1(java.lang.String, java.lang.String)[pri:0, instance:TestNGTest.TestNGExtentREport@51399530]" name="testCase1" duration-ms="2122" started-at="2022-09-06T14:18:59Z" data-provider="test1data" finished-at="2022-09-06T14:19:01Z">
          <params>
            <param index="0">
              <value>
                <![CDATA[https://google.com]]>
              </value>
            </param>
            <param index="1">
              <value>
                <![CDATA[Text2]]>
              </value>
            </param>
          </params>
          <reporter-output>
          </reporter-output>
        </test-method> <!-- testCase1 -->
        <test-method status="PASS" signature="teaDown()[pri:0, instance:TestNGTest.TestNGExtentREport@51399530]" name="teaDown" is-config="true" duration-ms="2428" started-at="2022-09-06T14:19:01Z" finished-at="2022-09-06T14:19:03Z">
          <reporter-output>
          </reporter-output>
        </test-method> <!-- teaDown -->
        <test-method status="PASS" signature="testSetup()[pri:0, instance:TestNGTest.TestNGExtentREport@51399530]" name="testSetup" is-config="true" duration-ms="2129" started-at="2022-09-06T14:19:03Z" finished-at="2022-09-06T14:19:05Z">
          <reporter-output>
          </reporter-output>
        </test-method> <!-- testSetup -->
        <test-method status="PASS" signature="testCase1(java.lang.String, java.lang.String)[pri:0, instance:TestNGTest.TestNGExtentREport@51399530]" name="testCase1" duration-ms="1560" started-at="2022-09-06T14:19:05Z" data-provider="test1data" finished-at="2022-09-06T14:19:07Z">
          <params>
            <param index="0">
              <value>
                <![CDATA[https://google.com]]>
              </value>
            </param>
            <param index="1">
              <value>
                <![CDATA[Text3]]>
              </value>
            </param>
          </params>
          <reporter-output>
          </reporter-output>
        </test-method> <!-- testCase1 -->
        <test-method status="PASS" signature="teaDown()[pri:0, instance:TestNGTest.TestNGExtentREport@51399530]" name="teaDown" is-config="true" duration-ms="2443" started-at="2022-09-06T14:19:07Z" finished-at="2022-09-06T14:19:09Z">
          <reporter-output>
          </reporter-output>
        </test-method> <!-- teaDown -->
        <test-method status="PASS" signature="testSetup()[pri:0, instance:TestNGTest.TestNGExtentREport@51399530]" name="testSetup" is-config="true" duration-ms="2119" started-at="2022-09-06T14:19:09Z" finished-at="2022-09-06T14:19:11Z">
          <reporter-output>
          </reporter-output>
        </test-method> <!-- testSetup -->
        <test-method status="PASS" signature="testCase1(java.lang.String, java.lang.String)[pri:0, instance:TestNGTest.TestNGExtentREport@51399530]" name="testCase1" duration-ms="864" started-at="2022-09-06T14:19:11Z" data-provider="test1data" finished-at="2022-09-06T14:19:12Z">
          <params>
            <param index="0">
              <value>
                <![CDATA[https://www.bing.com/]]>
              </value>
            </param>
            <param index="1">
              <value>
                <![CDATA[Text4]]>
              </value>
            </param>
          </params>
          <reporter-output>
          </reporter-output>
        </test-method> <!-- testCase1 -->
        <test-method status="PASS" signature="teaDown()[pri:0, instance:TestNGTest.TestNGExtentREport@51399530]" name="teaDown" is-config="true" duration-ms="2448" started-at="2022-09-06T14:19:12Z" finished-at="2022-09-06T14:19:15Z">
          <reporter-output>
          </reporter-output>
        </test-method> <!-- teaDown -->
        <test-method status="PASS" signature="testSetup()[pri:0, instance:TestNGTest.TestNGExtentREport@51399530]" name="testSetup" is-config="true" duration-ms="2086" started-at="2022-09-06T14:19:15Z" finished-at="2022-09-06T14:19:17Z">
          <reporter-output>
          </reporter-output>
        </test-method> <!-- testSetup -->
        <test-method status="PASS" signature="testCase3()[pri:0, instance:TestNGTest.TestNGExtentREport@51399530]" name="testCase3" duration-ms="1" started-at="2022-09-06T14:19:17Z" finished-at="2022-09-06T14:19:17Z">
          <reporter-output>
          </reporter-output>
        </test-method> <!-- testCase3 -->
        <test-method status="PASS" signature="teaDown()[pri:0, instance:TestNGTest.TestNGExtentREport@51399530]" name="teaDown" is-config="true" duration-ms="2427" started-at="2022-09-06T14:19:17Z" finished-at="2022-09-06T14:19:19Z">
          <reporter-output>
          </reporter-output>
        </test-method> <!-- teaDown -->
        <test-method status="PASS" signature="testSetup()[pri:0, instance:TestNGTest.TestNGExtentREport@51399530]" name="testSetup" is-config="true" duration-ms="2073" started-at="2022-09-06T14:19:19Z" finished-at="2022-09-06T14:19:21Z">
          <reporter-output>
          </reporter-output>
        </test-method> <!-- testSetup -->
        <test-method status="FAIL" signature="testCase2()[pri:2, instance:TestNGTest.TestNGExtentREport@51399530]" name="testCase2" duration-ms="928" started-at="2022-09-06T14:19:21Z" finished-at="2022-09-06T14:19:22Z">
          <exception class="junit.framework.AssertionFailedError">
            <full-stacktrace>
              <![CDATA[junit.framework.AssertionFailedError
at junit.framework.Assert.fail(Assert.java:55)
at junit.framework.Assert.assertTrue(Assert.java:22)
at junit.framework.Assert.assertTrue(Assert.java:31)
at TestNGTest.TestNGExtentREport.testCase2(TestNGExtentREport.java:111)
at sun.reflect.NativeMethodAccessorImpl.invoke0(Native Method)
at sun.reflect.NativeMethodAccessorImpl.invoke(Unknown Source)
at sun.reflect.DelegatingMethodAccessorImpl.invoke(Unknown Source)
at java.lang.reflect.Method.invoke(Unknown Source)
at org.testng.internal.MethodInvocationHelper.invokeMethod(MethodInvocationHelper.java:124)
at org.testng.internal.Invoker.invokeMethod(Invoker.java:583)
at org.testng.internal.Invoker.invokeTestMethod(Invoker.java:719)
at org.testng.internal.Invoker.invokeTestMethods(Invoker.java:989)
at org.testng.internal.TestMethodWorker.invokeTestMethods(TestMethodWorker.java:125)
at org.testng.internal.TestMethodWorker.run(TestMethodWorker.java:109)
at org.testng.TestRunner.privateRun(TestRunner.java:648)
at org.testng.TestRunner.run(TestRunner.java:505)
at org.testng.SuiteRunner.runTest(SuiteRunner.java:455)
at org.testng.SuiteRunner.runSequentially(SuiteRunner.java:450)
at org.testng.SuiteRunner.privateRun(SuiteRunner.java:415)
at org.testng.SuiteRunner.run(SuiteRunner.java:364)
at org.testng.SuiteRunnerWorker.runSuite(SuiteRunnerWorker.java:52)
at org.testng.SuiteRunnerWorker.run(SuiteRunnerWorker.java:84)
at org.testng.TestNG.runSuitesSequentially(TestNG.java:1208)
at org.testng.TestNG.runSuitesLocally(TestNG.java:1137)
at org.testng.TestNG.runSuites(TestNG.java:1049)
at org.testng.TestNG.run(TestNG.java:1017)
at org.testng.remote.AbstractRemoteTestNG.run(AbstractRemoteTestNG.java:115)
at org.testng.remote.RemoteTestNG.initAndRun(RemoteTestNG.java:251)
at org.testng.remote.RemoteTestNG.main(RemoteTestNG.java:77)
]]>
            </full-stacktrace>
          </exception> <!-- junit.framework.AssertionFailedError -->
          <reporter-output>
          </reporter-output>
        </test-method> <!-- testCase2 -->
        <test-method status="PASS" signature="teaDown()[pri:0, instance:TestNGTest.TestNGExtentREport@51399530]" name="teaDown" is-config="true" duration-ms="2447" started-at="2022-09-06T14:19:22Z" finished-at="2022-09-06T14:19:25Z">
          <reporter-output>
          </reporter-output>
        </test-method> <!-- teaDown -->
        <test-method status="PASS" signature="testNGflush()[pri:0, instance:TestNGTest.TestNGExtentREport@51399530]" name="testNGflush" is-config="true" duration-ms="2120" started-at="2022-09-06T14:19:25Z" finished-at="2022-09-06T14:19:27Z">
          <reporter-output>
          </reporter-output>
        </test-method> <!-- testNGflush -->
      </class> <!-- TestNGTest.TestNGExtentREport -->
    </test> <!-- Default test -->
  </suite> <!-- Default suite -->
</testng-results>
